nkzjrdqrmpztpqninetwofour1znnkd
9, 1
s5sevenxrdfr4mhpstgbjcfqckronesix
5, 6
3four4
3, 4
sfdrtpvspsixsn5zbqmggb8vgkjseight
6, 8
72666gxzflnsfqmndjdscvqmcqls5
7, 5
hvqgbssr46four1cdcjxcdcp
4, 1
zpjvvcbeightthree1bcnvjzbnqseven
8, 7
jqbjxdkkveightrtktnsr92sevenmztdg
8, 7
three3ninefive
3, 5
twosevennnine6467
2, 7
fjrzk9rfpqtbrc1bzfclczqxq
9, 1
ninegkftwo29seven
9, 7
eightone7threenl7mtxbmkpkzqzljrdk
8, 7
twothree6vpnvvnshn
2, 6
vvhtbjjrr6xghmzf
6, 6
bfjtdslkdbthree4jvvonezqdthreesrghnnbsix
3, 6
kkbhh5fivepvhzhdsvxvnkrn4
5, 4
4qsqr235twogl21
4, 1
v2seventhreezjfour6
2, 6
38gfqdpkfhdonespqbckbgkkzhgnbqgslkhfl7
3, 7
dtwoneeight6llzcxssgrdfjmjvfbvtwo9
2, 9
sixsixgnpprvjdkgvqmr1
6, 1
7sqthfchpjklpn
7, 7
foureight7hl111rznjfh
4, 1
9six2threefiversbsc
9, 5
8six1ninezjsix
8, 6
6threezjmclknqcztwocfiveninextpdq1
6, 1
gsdsr2seven51
2, 1
vtgdx5
5, 5
bkmsrzq71vtkrmjqcvfourheight
7, 8
eightnine9six
8, 6
85mklcmpx1
8, 1
six3four
6, 4
five5hqbppzmszhzthmh1
5, 1
2ctfonekpns
2, 1
llljztzffjlsktwogsjgbzvsp8ninefourg
2, 4
4rplhrnglj7oned35
4, 5
sevenqnlbrpgone7
7, 7
bcmvrhbgfourcrgxrseven4eight1ptmfzhpqcnine
4, 9
rkqztsqj2cjfsbrvcmrsixhgbhdone
2, 1
two2zfrcfhsl
2, 2
fourfournxdsfx6eightnine9
4, 9
v4ninecdtwohxmpj
4, 2
2378hcrs
2, 8
shhbgk74sevenrzknghzsk
7, 7
4sevendeight2
4, 2
bvjdfthreefive4pfxfvcxc6seven4zjkxdtcjr
3, 4
2seven4three239kmjzfhbgxxmqv
2, 9
sixfourd7
6, 7
hxkkdnjkbmftmone1npmqbnx
1, 1
rsxvqjbqx2bzprkml2
2, 2
8twothree8dzqbrvdx5
8, 5
xqm9
9, 9
6six8dnfbs9qlxkfrcrckmfrjgcxg
6, 9
822
8, 2
eightmbhfrxztcgqbfj6threetwo
8, 2
five8grcllvz
5, 8
oneninefive2klzgbdvvjbgnxkrp
1, 2
3bvlpmmltpr9zpxmbgslfhgtmtx
3, 9
16439
1, 9
5lglzqf2sgvshzjdmpzxldnkgzlrbvvmfsk
5, 2
four4rjrkzvfive2cfl7fourfive
4, 5
eightv59six7zrczcnkfivejpqxx
8, 5
hzgrkrbmjmzhpfkfgg5
5, 5
5rjvdsfourtwo8
5, 8
938cmftxkv8sixseven
9, 7
973threenjtl4two5
9, 5
4r9gpfmjnseven
4, 7
threesixmmbkxpm7six69v
3, 9
two369j
2, 9
5964fttlsfhjk
5, 4
14ppncqfoureighttwo8nnktcn
1, 8
3gdfclsxmrfourcfznxqnceighttwo
3, 2
2cvtbpsbbhbzrxmp
2, 2
967
9, 7
2five7xrbfrpjdn6kkrdxt4cqfnhlkl
2, 4
vtpbxjl3
3, 3
sixprfsqseightsevendonerxmphzl6cgtpgbgtjs
6, 6
32ninethree
3, 3
59hngnqrmqjbbtrtrzplg
5, 9
sevenone39sixsix41
7, 1
feightwo5
8, 5
8sixsixrcbvkllpjsnbcnvvsktwo7one
8, 1
2fourleightdsvskbpmlfour
2, 4
cdfkddlnine34frsshqsevensevenfourqf
9, 4
89clszfjqlffive5s
8, 5
1tdjxtz723zkhptcxnine
1, 9
czt7hkjdbpkpdvfourthree4cfmqhxfcxz6
7, 6
76twohglrflhmmqkxrpfszpxhjs56
7, 6
4sixpfv
4, 6
fivetqbfjxsjzp7
5, 7
fiveh4one9qkgnqf
5, 9
6czjmgdlckr6sevenonegvtpmgz6
6, 6
52one
5, 1
four53twofivefivethree7
4, 7
four69sevenjkfqnhqlfkcnfive
4, 5
kpxr4nxcmjcv21599
4, 9
1mvgdm7xxnqzptrphg
1, 7
onezmhzdlqczk82eight
1, 8
94599twonine
9, 9
four9nine
4, 9
plbrvdlmfjqeight329nine
8, 9
8dhpq2bztlqctgzqhkqtlphnkrgpdmtwoeight
8, 8
eightddscnrvshonexntjctspnnsix1
8, 1
hxjhsc4fivexcbjbsix
4, 6
863
8, 3
nine95fivethreer6
9, 6
two7tcnzbbqnfr427
2, 7
threethreeeightzvfsznine5eight7
3, 7
crvhlfone7xsqhkshpsix2nine73oneighttq
1, 1
qcqzrfgninejkrnbdg9two7zbsglmznkjseven4
9, 4
nqvskpgnlk1fourrhnzrf4
1, 4
4nhvxsstxvtndbpmntpkmeight6
4, 6
3fivenine18
3, 8
rloneight124
1, 4
xrzk8nine
8, 9
lzhpftwo3qqzkjhxjdt
2, 3
8nine6
8, 6
8fgxllqqpcffive29jfdpf
8, 9
sixnine57shvscktg46
6, 6
nineqjznjltskmq98mfour
9, 4
nine9gzglcmhccnone
9, 1
66trvcdsnzn
6, 6
onevzsznhrvxmpkpxgfourfphttxc2
1, 2
pfkcvxgmjfournine4cjtpqbsnsixgctm2
4, 2
3nj7fivegmgbbfrhf
3, 5
9two479sevenn7fqjk
9, 7
three4193
3, 3
622eight9gncbvhjvglgmb
6, 9
fvbsmrrxmjthree43
3, 3
3cpn4xk
3, 4
7five6six814nineoneightqbb
7, 1
mxc91eight
9, 8
mpbxhspkfgslgptm6
6, 6
fpfkn7dbpsjxksnk6xkqkfhthree
7, 3
rl5flvbsbnqnfgggkq7
5, 7
lt4fivebvhtvld7ninetwohnplchrbvdmf
4, 2
one3dgvngvtwoeightonefivefive
1, 5
27sevenvkmqnmqtwochcchnpkeightrgcpdsvvrg
2, 8
rr985
9, 5
5csrtvjmjzs391sixtwonef
5, 2
ninepsdseven23
9, 3
four48eightfourtwo
4, 2
twothree4fivetwo4lxscf
2, 4
856twoqhsjtonebqrlkzqn1cd
8, 1
sxvd5t7
5, 7
prkjfourhpdpxlvlnmz6onetl1
4, 1
6one3cgxhd
6, 3
nzeightwofourmz4
8, 4
lfrnfdkgsixeight2hnlzksmjrsqjmvnmk
6, 2
4jddtplseven
4, 7
four7onefivenine16
4, 6
93qd9svlnnskq8eightthree
9, 3
bxsrknfournhqmqzjxmsix5nineb
4, 9
9eightfour
9, 4
five9jpzgnggzjpsk42dx
5, 2
9ht5bxqkdmxmbfonesix
9, 6
771f412n6
7, 6
tpxmjxd28onefrn9hnmztsmxsmctpdxjh
2, 9
mcmtzjcgmrlgqqrgvc53one9
5, 9
6sevensix637
6, 7
hp5fivetwohqnineeightonedxbdzzlnv
5, 1
twoone89
2, 9
2bsrxhzdsix8threefive7zv
2, 7
1sevenfivevjsixqhzlf35
1, 5
mcplj8fxzgcfivejstdjq
8, 5
8two9gvpqzplflhlkjbtvskcfsixthreeeight
8, 8
25five25s71four
2, 4
2one3eighteighteight
2, 8
ps75three6jxdb5
7, 5
35fourfivexxqkrbb
3, 5
35hjvkldnxhdtknflseven68pvtjt
3, 8
rxs5hvjcngzzmjzvthreej9gsxgfkbf
5, 9
87n239jclzrttkmx4
8, 4
four98nine
4, 9
eightsix3nine3pqgtwo
8, 2
4hbpqhgone3ncnine
4, 9
7pfgdmpsn1sixglfvt
7, 6
4khktqfqjdqssjpnhmtgffour7hzztx
4, 7
3n
3, 3
six9jhnloneightf
6, 1
1ksevensixzmrhsszlngfiveztbkqs
1, 5
foureightfhvrmq8three7
4, 7
frzmprnh6z
6, 6
1fck1ngpninetdpninefive
1, 5
9hgfivegtnxfsptpgvmqjrxp
9, 5
9nine8ktxtnrlfourvhrseven52
9, 2
fiveeightjjqninetwoseven3
5, 3
7pbmll4two
7, 2
sevenlsvddqsixsixbkmtx9njqf1nine
7, 9
h28rtrjz8dctpxdnh
2, 8
two12fjonenineszxmj
2, 9
seven49ltnsm
7, 9
jqsix6two
6, 2
54sixhxzkbh
5, 6
kg2msbkrtltwo9
2, 9
8xplcnjxfthreeeightthree
8, 3
vdxvvtone81one2
1, 2
93five36nine5pcbsfr4
9, 4
fourfour3six7tj7hgdms
4, 7
4dnlcnlxlhzblvkjhzpt95fiveggkv
4, 5
48four8
4, 8
tf71pkcknhlnxhrthreetwo
7, 2
7sixsevenm
7, 7
hgtkrfcf9
9, 9
jlzxqbsix4qsixtzrg
6, 6
1mfqldeightonethreeonetwo
1, 2
2eight2bvrltnrthree81fouroneightjfc
2, 1
4b4nbtvcnczgpdvqpjqfqstzvctkxneightsgtmm
4, 8
ninexxcmnhjgs8eightone86
9, 6
7eightfiveeightfoursixthreernhsvc
7, 3
five9vnnqjjklveight2six632
5, 2
four4qksevennine
4, 9
threesixfiveqfive3
3, 3
8eight8eight4srcc6seven
8, 7
four13onenineffhhdsmkmq6
4, 6
2eightghhrz4gqbsgqz2sevenfour
2, 4
pnrsdbmbthsix5hrpfrqkdfgone
6, 1
xsix1tctsixtwonevz
6, 2
84qhpkmbjnsb2sevengonetwoppgqxtn
8, 2
96223
9, 3
9bk
9, 9
zggvthree2nineklhzrltwocxtkgbdt
3, 2
dxbpjgoneqhrmqqmpdcfl31
1, 1
9ph8gtzxkzjqmvmfk
9, 8
lqg6
6, 6
five83sevensix3nine
5, 9
nine1three
9, 3
15eight131blnjkteightworr
1, 8
xgdmcrgfkqeightsevensevenflzvzcss1
8, 1
86nine5four
8, 4
1six5bsl4
1, 4
nrkkzhktjz77threetvmrklnhvfqkfqgbczlr
7, 3
xpdbfhpxns6zcsphqdtt34nqp
6, 4
8twoeight552mgvtxcf
8, 2
9threethreetwovrzkcgzhthreetwo
9, 2
6onexjcxschzgb3468
6, 8
7hxtwo
7, 2
fzxmfkhbzsprgbx97vxlzzrkn
9, 7
ninexdvvnseven4
9, 4
eight8fourfoureighttwo7hpvmjfdgcjcrp
8, 7
5lqdlzqcqzmtgdfrpg6xbtgn
5, 6
4rphgjktmf4
4, 4
84threekclvc1twonine
8, 9
2tfsmnzh3qxpcknskhdjhfppc
2, 3
7rjzbvjjfmbfivesevenvlrgxxdvk
7, 7
5tzseven8
5, 8
37rssqhthreesevenone
3, 1
rdfivebtsbtrqmqm6
5, 6
9nine9fourzr4n2
9, 2
54kddhldrdvdxggxpkeight2
5, 2
five4lgtgpcrj
5, 4
8gdqbjxdfsf
8, 8
five4ttz
5, 4
8fourjrjvdhnpclgjc
8, 4
957five
9, 5
3fiveseven
3, 7
xhkmsrdrxvqshclfdlninebvjzsgfrmlkxlfour91
9, 1
9eight1one9oneshm
9, 1
sixctmfxcpxvxlkcpr3threeoneh
6, 1
3nine7two
3, 2
mmthreecstffvvqx8vbmlmpkxsm
3, 8
djlxhn48gvs
4, 8
kpkpx1onenine
1, 9
67two75nine5twotczxddjz
6, 2
mtstwone8
2, 8
cjfzmrjfk2jzlnqcffsevenfivethreeseven
2, 7
ckqqbeight9tk
8, 9
5threetwo9
5, 9
4ninesix
4, 6
8rvvrsxcbjxgtcczcrcnhx1
8, 1
sixnine67gzlcqbvn9six
6, 6
six7fourthree9
6, 9
ghpsh6mtfcxjfbqsdzmzqjssix2zkjrrhrd
6, 2
5ninefive
5, 5
fourseven5
4, 5
7onepmgddpngxseven1
7, 1
kcbzf9
9, 9
mqgoneightgrhp82
1, 2
fgnsfour7two
4, 2
tc2nnrqmtpqqxfour6
2, 6
twofour6eightseven8tworccql
2, 2
two72scpqmfdvone
2, 1
41four87fivefoursix7
4, 7
ninetvpgphtp27jxxnjtqdlqtjpfnsix
9, 6
97vrbqtrfgjmrrhrshzr
9, 7
2fgbrbzmv5one4fivefive1eight
2, 8
lb65xfdkjfivegcgrr
6, 5
5ffpxzhzcnmzdtsix
5, 6
jhhklldghbrlpjklpkmmjmfourxmlqhfg2jxzxbqxhdtwo
4, 2
38fivetxvlqfrkhsztlpp2nine
3, 9
9hfftvfnggg6vvrmkkfour5ninesrt
9, 9
rhf9oneninekhkbnmj8one
9, 1
6fourthreethreelfqvf
6, 3
mjlxz7threeszjsbrmbkfourfiveqskmcjzjseven
7, 7
119onethree
1, 3
72seven
7, 7
6817
6, 7
4fourfive6eight396
4, 6
clldsntn4oneseven2cdbknxbcxjszkv
4, 2
sevennine8
7, 8
7fournrzsh
7, 4
six4cbptcrqrxvbd
6, 4
9fourggbtccdmlfrbhgggmdfhfivejddmqvdtwo
9, 2
39tpskfourjddhhtglsninefour
3, 4
gpxqnqhvmpone5bhllnseven
1, 7
kkjfsmtcjvg6tdfngq
6, 6
nine4bdvttt5652
9, 2
9szdqjl68seven12
9, 2
poneightone6
1, 6
2sh5jmgmqbxsix
2, 6
kfqkdtrnzfivethreezmbpz1kgddhhqxxq
5, 1
6mnkjfszdtdqfive5one
6, 1
ggqnz9jrpvnszftwodntslxcxcthreetwo
9, 2
four7two89nine
4, 9
132twofour
1, 4
bghnineqfourjq5
9, 5
seven58tbqhgl961
7, 1
threeznrcdmjx8
3, 8
one692
1, 2
9one66grqbdpthhrf19pv
9, 9
three9threefivefive
3, 5
8dqgrchqkdbcnxrzfour
8, 4
grqvzbsdone119
1, 9
glhdzhlgnjkkxtwo9eightwosqs
2, 8
three4five4
3, 4
5phtwofive1kghbsthsmntwossztnh
5, 2
7nvfsdjgclhone6ninexxlvvhlnvkdhkqgnk
7, 9
5nhqd
5, 5
vcxmllvgr6bnbssblhvhxx
6, 6
ctgcmpthlqzjrdbgjhhlqsnklbxqgsgckvcbhd46eight
4, 8
qrqone93mqnfhhxkfivegzv
1, 5
foursixfivecsvpxqbct7threelrgbxz
4, 3
qbbcdvcg75mkcnpsrtnxthree3qvbhgrmctk
7, 3
hcspgtmxczhclq78onenine
7, 9
8oneninefourvfthrhthree
8, 3
4jmhrthvjxljpvp
4, 4
three17two
3, 2
xhtwonepxntwogpqxgfxqkvrh7seven
2, 7
one28fivesixthreeseventhree
1, 3
one6two5twoeight
1, 8
five8nkfhnxlg
5, 8
vzronefivegnzhjsjftzone8three
1, 3
3c4
3, 4
8two88thfsth3213
8, 3
kdpckz7hfzrqs97kdt
7, 7
399
3, 9
tpzv4seven
4, 7
zxjpsfive4dp19
5, 9
491qjcsn9pxkbpf5lkzjmjr
4, 5
sspbvqtp6oneqnnfive
6, 5
96mmbs
9, 6
sixsrvxrdl8vlqcpfourhjkjk
6, 4
clggtwo2
2, 2
6lrpf4
6, 4
rhgpskfkbdsxm3jpqs
3, 3
one8two3
1, 3
six776
6, 6
csksfour8five6nine1
4, 1
7zlpmzplh4
7, 4
twofour2flrdhfh
2, 2
cvrnvjzdgjglfmshmjfknhrbfouronescvcxdvczg66mfhnbgks
4, 6
two26
2, 6
2two4
2, 4
sgsxnnxxjdhfxhneight31vpjr8sf
8, 8
nrjkbbdzkkgtxcsdkc5
5, 5
9trlgrcbrhhzjkzhrrlgknthreefgmxvceight
9, 8
lkbmq53sevenninetwo53rx
5, 3
bxhtwo4fiverxdrone
2, 1
qxbxndzzrlone941rleightkqfdvdps
1, 8
7189fivezx
7, 5
bqmfctlfr5vfjzkpcbzgoneseventwohmnzgzpthree
5, 3
krbxccqsmlfour4
4, 4
threetwoninefbvs1thldjh8
3, 8
brzpkk2zvbpfzthree4hlhfbtchpl8fivenine
2, 9
9jxjflpcpb
9, 9
5sxcjjq977zzxjhfcsgthreeeight
5, 8
61sevenseven9gbgnh
6, 9
36vchhqdqppmcnsjmjjtffour
3, 4
27rkbpslsg8d
2, 8
57twofivefive56
5, 6
zq984
9, 4
xktwo83six7sevenghvsgjnhvjone
2, 1
nineeightmzhp785hphfive
9, 5
fourdkkqztwo5sixthreepjlkvgmponefive
4, 5
two4hjhtsxvpd5t
2, 5
sevendsjdkpxpqhrjdd43pblvslgtb
7, 3
4jzkklthree34tltfvh
4, 4
6three85szgdcqjdbnone7
6, 7
5seven9vlxgvpsixtdxssnlnsj991
5, 1
ninefourjlvvnhzkdvpxphxthreeone37sxcfc
9, 7
24sevenninenhgbhnine68
2, 8
tvdfcmjfqmjpsq3zxjlhpb49
3, 9
qbxgkrb9426
9, 6
462threeeight5reight
4, 8
15threeeight9rnllzhrhttbsix
1, 6
qdjlvdvmqsl1jpscsix
1, 6
6four579qmfbcvhq
6, 9
8m38
8, 8
2bgng5shfdzdczbvjtjlxseven3
2, 3
cgfsgqeightkvkjgpllcnzmfive264
8, 4
vdrrfnlxpfgfcmxqrcgn1qrgppzxfhtdnhgrvcdvfcnine
1, 9
8four45xqqpbjb11eight
8, 8
76txvbjngrbmmjssztpchrvxn7
7, 7
9hjvbzxsmszc1xninefour
9, 4
4fourthreevtxqmhpgxvtxflt
4, 3
7threetndgrtbzheight63sd
7, 3
two8kmrlvxvqlzsixgtbbtpg65fpj
2, 5
jfkkr5423bbqgbqzdhqrfive
5, 5
fourvbhsl393
4, 3
3kfctvlns264
3, 4
onejvcljdgxlkqbzxkthreesevenfive4
1, 4
htgsddp487stjmxcgsix
4, 6
six3five53fourone
6, 1
rvkzbqp9lcpqbdnqqjfppv3
9, 3
onefivethree2tldqjxmrks1nine
1, 9
blccqs1
1, 1
three9mtthmnzhlhzk7hrkplfpqq2four
3, 4
lcrcrxvzqp3eightfour9
3, 9
mqmvfffour13
4, 3
431
4, 1
75five
7, 5
7zjmdrqmsbz65476
7, 6
9gvsix28
9, 8
kzcqqmfdf8two1gqsevenjrqpvpzh
8, 7
47hsckckcxtnbdrbk4ninefive
4, 5
8rpshgfxv929vsfmlqsl3six
8, 6
pnqmreightfmcffive9seven1
8, 1
9ninesix
9, 6
seveneight987
7, 7
sixnine1cfltxqcthcqptwosdkfl
6, 2
zktfqvfsevensxmdrthree8xrdkglj
7, 8
three681t7
3, 7
fmfr3five1fivedmngqmtrs
3, 5
tmx38sixksmfzrkrtn
3, 6
ninenine18
9, 8
4sclfsrfive73fivejprvmzhvlp
4, 5
eight38
8, 8
xxvgxdnxzk8xdpcjfkqjrrrfn7j
8, 7
ffrjtvntsix2rhxkkpbtpnkdttbhx1
6, 1
516sevenseven9jpdklpfn1
5, 1
4dbsfcvgvmlppgs4chzxpvqfqdfvmqvfsmdvz
4, 4
vtlgqsdj6three5two8k
6, 8
65fivelrdtcsixtwoneql
6, 2
4twoeight77two
4, 2
8nine1r5
8, 5
six4nz61qxrgr8v4
6, 4
3341
3, 1
kksh2
2, 2
twofourfourz144
2, 4
eightfourtfnhmz23vr
8, 3
seven11qxnhdkczvlfour
7, 4
nineqdgkxjdjrdh1lcsv
9, 1
one4sixfszjddf6stmmhfkds1
1, 1
sixcd39ttsfctrt2xl2
6, 2
xzbqhlqv6h4
6, 4
tvtwonepfcssknlqm8two9eighttwo4
2, 4
vgmpkdvsdnvsjfbtwo6ninesevensdrlbqqrzg
2, 7
5788one4seven
5, 7
five5rccbvbk3ccgnzn34
5, 4
9dr35sevennine
9, 9
2xmrsvlkfour1tmszk
2, 1
oneeight4two1scdhclbllljhxkq
1, 1
5pffnxjvxcrmdzffm
5, 5
fivesixjfive7eight2cpjklvqsix
5, 6
1gfvcnssixnpqpsh7gjcppxpntwo
1, 2
xsfbzkkz3zvh
3, 3
2184ninesevenfour
2, 4
3g7xxzzghflvghnm4
3, 4
twoonefive87mjsqmqddhvlz3one
2, 1
two1nxhfgrsixdnone8one
2, 1
twonrrrldn615kdclqjveight7two
2, 2
6eightqmrgrbp63
6, 3
tmthreetwobnbccjxgpz7
3, 7
8ninerseven721v
8, 1
twoqdjpssix75tonetwothree
2, 3
3khjkhbgzdgjqvvnrchqtg63vjt5
3, 5
hbqlreight18
8, 8
mkthreefoureightfive2tnccxvltm
3, 2
threefive195
3, 5
7ln
7, 7
8fourfoursixrvcthreeldzfxjj
8, 3
7rjbdptnllcbdqncsfq
7, 7
1ftfffctrz7four4nine7
1, 7
3onefourzdtnrmpgpfjtdl3
3, 3
sixkzkcg43eightwocs
6, 8
7fivetwo9nineseven
7, 7
fivetnqzktdvd72qxpfbftwo
5, 2
2fiveqxghjglggxfour55kcfdbdnine
2, 9
ninegsd6bvpdctspbmmnvdfdqfiveone
9, 1
nineone1lmkb
9, 1
lpdqbmsfive6ninenkggzxsf
5, 9
z7six4ltdsevennine
7, 9
2591fbqs7
2, 7
1sevenninesix1
1, 1
3fbpxseveneight2
3, 2
sixhtgmvdmxnt85cvdrlftlvtjlv262
6, 2
foursbqmqfxzvtwoflzxjfphf9nine
4, 9
twotsszxmtmvvdldqcdkvbtd7one
2, 1
1fiveeight
1, 8
4threekqgzcnssq5rjt1one33
4, 3
twotwo8ljtnjnslhldgpfftkqdgdvtpj
2, 8
eightsevenxqddfsgsevenhgfls4cxsspvvbsjfour
8, 4
mzrrblkmhq4tkkjgprjjmrlngpfourbzpqmjlbrtgmqgcxdr
4, 4
6ctdtqxnfxqpn
6, 6
1mkrznchsmdthreeclldtmmnjgdsnineqn6
1, 6
53
5, 3
eighttwoxlsjdxxfive1
8, 1
4fourlgszccvnjhmzflflhnsrpm
4, 4
6pnfour
6, 4
2fivetwo67cjcqseven
2, 7
fourfivehrkmpcnmg5
4, 5
24kjbttvj
2, 4
fivekjsvjqvrcd4
5, 4
sixbmphnpgtsvlxpq9three872nmz
6, 2
836eight
8, 8
czbrlmnlcts9three499
9, 9
72four
7, 4
gxsg311
3, 1
jbfqmr33twofchnkshsjr81
3, 1
93snktwo
9, 2
seven1mcxqjnsqxpngpsix5vjpgqxbmsix
7, 6
d1srlmseven65
1, 5
pjnbc6twommxvninebmgqkpsixthree
6, 3
dgfnrldfdeighttwoxvvpgtzkhftjjh6
8, 6
sixxgnnvtgbnn6seven
6, 7
jjd2pjjps9
2, 9
8nntpzmlvknl3bsixseven8fbkhvk
8, 8
hmcj9seven3
9, 3
gxqfdjgft7four8seven5
7, 5
csgjjk6xbq4mnhmsix3nlstqqfpxtvfoneightvk
6, 1
vzeight4rxfggcm17
8, 7
9eight2sevenfour3dqcxllvtf
9, 3
24npbrhgonefour7
2, 7
4two2qcxkvdk
4, 2
pvgksfone72foureight
1, 8
5mkfpmsvmsqfhxnzhjsqrrb8tlb
5, 8
onetwofour4sjgfnjfq9nrbvtwotwo
1, 2
hgkszdcrtchgnmkzmhnone3hdlnd
1, 3
8fncxdpsix54sixkcbbl9one
8, 1
vdfrczbnfhtwosrqckt9two
2, 2
six17tworrlsqh7nineseventhree
6, 3
g7six
7, 6
lpl8three65hblm
8, 5
89eight1
8, 1
2ninegnrqqdgvfsfive
2, 5
5five34vbvbdsix3pbbvxxdrc
5, 3
txkclxnfivexcrgvln27sevenshrrjlf
5, 7
onefour47two3sevenzsxpq
1, 7
glhrvvdr2
2, 2
six4fourpcvngrrndpthree8sixpdzbqcdd
6, 6
dfgkrkcr4eightthree8one
4, 1
qxlnf3eight76twofivetwoseven
3, 7
vvh6fivesix
6, 6
csppnxxdfg3
3, 3
four3lkjbcfdzbdcmcsqsdlnnh5
4, 5
7two74threedsdr8
7, 8
rxnrtbjzsixfour6b
6, 6
kchbtfvbnd3one237fivegjkghkkgd2
3, 2
two233ltdskthree
2, 3
3nine2gkbpnvninegmgqdgr
3, 9
3nhpnkl7
3, 7
threez6ninebghxmffrgkdhjbtwoseven
3, 7
fourllszfzxmf5threesixthree
4, 3
38ldqlmkdkg7cjqjpjdxbkzeight
3, 8
fivefivethreeone3vjtzzcrz
5, 3
rsbhdj76three
7, 3
sjkmgvhhgnsqzhsk4twotwonejf
4, 2
dcfqtcsccrvnptxrnbjdzgbmsixfourvrftknv95gztj
6, 5
8gxgbblnjsd2kzszrhqlxztbxbmsixfczqtzs
8, 6
vgbzfnccxvdsvgpkthreel26
3, 6
threeeight3four6sixone6six
3, 6
threenine1foursixhszppgjbv5
3, 5
sbkncfseven18qdvtssf17jn4
7, 4
phgbqgk9lstmfc8hxnfjhnstqbqztthreeeight
9, 8
gtb5seven
5, 7
theight2
8, 2
3khcnpfdmmbvld8dqckxbrqn1
3, 1
xvlfsnnbkxxs79rg99zfnzfmdjkpq
7, 9
xtseven5dtqbrstgl2
7, 2
eightfjzdpqcfive63rkgxstcspzpthree5
8, 5
three7qntkfbtjtwothree
3, 3
three7xgz5
3, 5
1gbzzmvpfgg
1, 1
3vhdztptqmb
3, 3
sptwonetwo2
2, 2
93eightfnqngzqneightkqvlzrfour7
9, 7
15fivethreefourqpblvgzncb5seven
1, 7
threethreefivenpsix53hnbv
3, 3
75fivenrsfmgzz26mtmzg4one
7, 1
9seven6631zrrjhx3
9, 3
1eightp1kxvmg
1, 1
tpkjbzglxhffpnftxz2h3nxxnzrnjrnine5four
2, 4
fivefivetbfnbvqsmmcfsqq69
5, 9
eightgvttxgjnmrpxvctthreetwo6jfrggjmrm
8, 6
twoone1threezdpmqthxf17oneightcj
2, 1
8oneone2fghmrrrpxdbmjqgnine3seven
8, 7
tjrjmtqlpone6oneqdmbchplflcxvlone
1, 1
nbck42sevenhtqvjzctmqzpnnqtjpmj
4, 7
foureighttwoseven525
4, 5
ninehhqszsixthreebbjdvkhxjdzthfzjqvx6nine
9, 9
onetnsckstxvlfour5onenine
1, 9
four5qskksqdvpl
4, 5
5nxpxjtfp
5, 5
bbeightwo8
8, 8
ninerdcninesix2four
9, 4
35kfivethreebgcpnslqh75two
3, 2
one8two
1, 2
4f8three
4, 3
seven6hmrqhbz72eight3
7, 3
nine5dphq
9, 5
clhcmnkkdjsixfour8fivethreebdrrgbs
6, 3
6fivesixxvnzdz1eight99
6, 9
fivesevenbeightsix8
5, 8
njzgflpxtr3drdkjqddtcsix
3, 6
6fivedpq
6, 5
zhdpsdpvpnvmxbh7
7, 7
tjx13vfsevenlqftrtthszmcfnl
1, 7
6foursevenk8sixeight
6, 8
seven9k
7, 9
nxkxfcjbp7five78
7, 8
79twofzttrkpbrgsixvpxbr
7, 6
gcvone98
1, 8
rd31threeeightnine
3, 9
jmveightwo9five
8, 5
eightfive94four576
8, 6
sevenz5oneightps
7, 1
ninezfsshxpl6rqpjdlzvfourlpqxb5rfprmvfrlsix
9, 6
nbxmtcs2
2, 2
eightsltgcjshndmtj2nine
8, 9
dfdtwonefour5six3z8gjdx7
2, 7
eighttwofive2
8, 2
tgj29nine5mzhckzhkrzfours
2, 4
5onebjtfourqtpnccz
5, 4
3lsevenonebpgfgonethreeeightwos
3, 8
99lqdd
9, 9
kslzrndhk5sevennine1sixlsfour5
5, 5
bnndeights741
8, 1
gbrkxx4six2eight
4, 8
9twoonenzdqrs
9, 1
shcbsvtstq8threesix9
8, 9
eightcjss8
8, 8
fivenine4qqnsqctcrkdhlm
5, 4
q6ninejsrmsixghvzjqghgkskqqgdgmgzplr
6, 6
1sixs
1, 6
ldqzccvqhznfrbthreeseven516gdzxb
3, 6
sixsrmspzp4ftrrv5three
6, 3
71onetwo
7, 2
9196hftrxbj2
9, 2
4jqszj91ninegvzrsctzl
4, 9
5threeeightfivexzfqfvthreendsqnfseven
5, 7
nxvfzcqlxg886
8, 6
6sevendsnsz
6, 7
nine79244onesevenone
9, 1
fiverhfvgn2sevenlcthqvfive
5, 5
dzsnvjzv326vtnmg
3, 6
lzbnsk3622fivenls
3, 5
sevenfive8zghpnineeightqxsjeightthree
7, 3
sevengxxxxgcdblnprdvpp8pctwofive
7, 5
gzbsp3rjfbjblktwohqslf
3, 2
lbfqczsrfiveghzgkdksqggkrjvtpczlrhtrms9
5, 9
one5brpbthbtrsix3
1, 3
sixgcqss52sjkm
6, 2
sixkbpmsjrdt86
6, 6
978
9, 8
cmvhrjtnl73hhlcq6
7, 6
two23ccxsnhfszxvcncv99
2, 9
eight4threeoneqtjksevenxzkqseven1
8, 1
89zzq
8, 9
dxtnzqprbxtcqdnnjjjzslpmxxxjzhlhzzdk18seven
1, 7
84sevensvkqxjssvrsrsevenvztvchnine
8, 9
7psfkscvgtwo4grpfhkbzxfive
7, 5
kdpjpbcgjcldrfkrnrone3
1, 3
77ninendlqsp
7, 9
5nine7
5, 7
six7mlhxjsevensevensix9
6, 9
qbnggfourtwohh1
4, 1
veightwohdfdqzbkfclkxjxqjgjqjseven4
8, 4
qlfourqtbj94vdlnb16
4, 6
dgmhlxqhz8ninetwo42
8, 2
nine45txjpkmhpccdkpmhqlzkvcvgmhs
9, 5
fourtwo6twonlrnt4
4, 4
4qjkkl
4, 4
6sdlcshk1five6onefive3
6, 3
five7z
5, 7
5ninedszgbvnbmsggqxxbsxkzptnfxfh1vbhgnnsd
5, 1
7mcdfjvthfivesix27
7, 7
four8six
4, 6
5ptvzjjlkbttwothreedbvc
5, 3
8threefivehlggnpccck5
8, 5
hvzrkrvvheight37
8, 7
2kqzgx2fxvqlfour28eight
2, 8
9lxlntmdksmfivesix4
9, 4
cjrone3four
1, 4
9qstctr8
9, 8
twojrnfgrgtbldrztnd5four
2, 4
54ninetwofhvgjntvxdvhszpfklbbxrppmtsrhdeightwodbb
5, 8
fournine2three2twomxlngklgs
4, 2
eightninefour9four16vhrvzcnhrf
8, 6
66mlkjff25jplqskbrvmdhlsz
6, 5
jrjnbqqzbqfivextmcjplnxb1twoeighttsh
5, 8
two9ssxpjb887
2, 7
crdzssp9
9, 9
two7kdxhhrxd8eight
2, 8
ninefbhhjxgcveighteighttwofive6
9, 6
ptqmngxdzd2
2, 2
pfcdvxjnvhfour1sixg
4, 6
eight1chshckfpnxdzf1cr
8, 1
bdbgr822mjsln2qvztrsnglxntdq
8, 2
six84j1bjtshnfmc
6, 1
seven4nineeight175ninenine
7, 9
968sbdfxkmrlcxj6
9, 6
854seven181lbrcv
8, 1
5sixcr9
5, 9
4fourdzfournine81
4, 1
twotwo686zqhkveighttwo8
2, 8
eight992lklcjtwothgl
8, 2
8eightfourxjjdtbeightpthtnhpb
8, 8
5vponeeightlsbxthfpzjseven
5, 7
fffbpvmkvntkhrdgxqfxjdglsqztd5
5, 5
three6f
3, 6
nine5163jbhpzbvjcg8
9, 8
bzkfgtqnmonetpjjtbc5nvtbndtdbx
1, 5
ndtsevenone3ndtljbnsixqxntsdslnnine
7, 9
8ffour283twonft
8, 2
tzdrstwo2jvnqvtjfsjzsldlfx3
2, 3
srxzlxgjpprcmt4mcljsix6eight
4, 8
fnm3oneightsdn
3, 1
fourgxsixthreenine1three1hcf
4, 1
sevenonesixnine78onerdone
7, 1
three3threexmtbzcjzrd
3, 3
mm6rvmbfvsgeighthzjkjnnqpsm
6, 8
fourfourtlqn1nine2
4, 2
3hg
3, 3
7smbmnrhpk
7, 7
mmxkkdztxklhhfivetwo9
5, 9
sixfive36jvtnsrscchgkg
6, 6
94fr5threesixone
9, 1
xf5threes
5, 3
xskoneightsixclzkkthree36three
1, 3
twocdjjccb7sixpcnz
2, 6
fjlqpshqpcdsixfive8mbjj
6, 8
x2nine33
2, 3
threevgxzlhdpnxpgrsp4tgp2lfive
3, 5
kmssbpb9fhzqhgqlsm2threethree
9, 3
sixcvfmgfx8xhfncrcqmptwovkqxjxddkdfnnkl
6, 2
foursevenl5sevenjlljthmqqp4
4, 4
nine249rhqxfmxktwofourdtqrpckbhtthree
9, 3
onetwo5871eight
1, 8
7dxrrnqrxgjxkvlzffourlgtqngmdlcfourllstsr
7, 4
eight8four7kfcqcvdffzlzsix
8, 6
qnvgz5jvvtpvnvfneight78
5, 8
five9six
5, 6
2jztl6lnxmcqsb95six
2, 6
qx1three7npjkznmhbp3seven
1, 7
ffive1onefour
5, 4
5lnhjfoureight
5, 8
5573htvcvhkhb
5, 3
998zfcsninejnjcgnkd
9, 9
five4kdcncpsevenjftzlxmqlzxlfour8
5, 8
pkxfxvhlsix5seven
6, 7
3sevenzxz
3, 7
4sixninesgctmxxxx
4, 9
26lrlphfive4pcpdsnlntjsixtlgjrddmkx
2, 6
hp49three48rkxmzv
4, 8
rjrllvt2twotwo16four4
2, 4
seven77dccfgqbf1
7, 1
qzxgztxgsbqjshthree7sevenhvsczkqllqoneone3
3, 3
eightqlnnine3
8, 3
hvtmzrcxx57gghsktwoqvxdzqfoureight
5, 8
7eight2qmvdg8fdrxfzbtcrsgmhl2lfqpx
7, 2
bkrbmrhvfsvm4
4, 4
ninenine6six
9, 6
gzkmgrvqckrgtjchgfsixninefvffrzzln4mphqtwo
6, 2
crprs2
2, 2
54tgzbrbqcljlfchpdt
5, 4
rm27two2jfpccv
2, 2
3447two3ltkbr
3, 3
9twothreeone4
9, 4
llndzmsbpsevenfivebbprclghvfrpm3
7, 3
nine7kglqppgccvgbbpffqhlkk
9, 7
5qkxvnchcjx8three1
5, 1
rkfmd5rnine
5, 9
sevenonehzrgeight82eight
7, 8
eight63lbkjztkcjhtdt1bseven
8, 7
7kcrzxddfsixfive28one9
7, 9
sxbmvvprh1hzcjhfg
1, 1
sixrtmzrcxb9
6, 9
9sevenhxkvrjz7seven8
9, 8
eight3nine
8, 9
1eight24seven7kctpgv
1, 7
4437
4, 7
8skmrkxc2
8, 2
six92onesix
6, 6
eighttngjnngzvvfive473five
8, 5
oneseven4
1, 4
56bsrhvjtvnine
5, 9
4two4seventwo4lnj2
4, 2
8mmpvxdqjnine2sevensevenf8eight
8, 8
eightnineone2six
8, 6
4fourn
4, 4
87six
8, 6
h6nine
6, 9
sixnnkxpxtwo394mtwo
6, 2
twobgqqjchb2hpjsvv
2, 2
snnbnf6fqtprsixmszrpvxzbxsevennmzxfive
6, 5
three3eightqxkbvxftj358
3, 8
fivefivefourfour8four3
5, 3
fivejmdpfourbgsdkmvqmf3xnbnm72
5, 2
9twosixthree12xgtcqx8seven
9, 7
3jnrjlbfdk4blmpfzrpp2ninenine
3, 9
3321fivesix
3, 6
1six4nnfvrxhz5kgqththreesix
1, 6
snkszmprd2cpjrvbhlcpfqrr18oneonebkrvcnk
2, 1
9fgj21nine1dtfdgm
9, 1
jh6tc7xz
6, 7
3one9
3, 9
8oneqtsgxrsbsnfjlfivenine
8, 9
5bcktzbvnjsvzmrlpr2dzhgqvgnine9
5, 9
4ghnqz
4, 4
7threeoneeightsevenjzqnlpsmlnfourgp1
7, 1
xfgxnvdxj1
1, 1
18ftwogtmbdgmc
1, 2
eight9gbnptk
8, 9
697threefive7three6
6, 6
96h6bmbttcmpm4
9, 4
cmgtwo3
2, 3
6sevenxxpxzbbsdg36oneonezptwo
6, 2
8fivedzpdqklxh54sljvfr92
8, 2
vg6rsevenjvrc77
6, 7
vqm55hdkzbfqsn
5, 5
8eight6
8, 6
nine4eight6fourthreezmnf7
9, 7
bxlsntdmthreeninetwomzjhcdzxbktwodzrlzkcc2qjn
3, 2
kztghlsgkfpkkpstfgjsxzvczpqxzchmd9
9, 9
five1krfeight7
5, 7
fourjh5mcmpxgkfrb9
4, 9
xrrh3xfgsflnh3
3, 3
csqpfhz9
9, 9
2nine1jxlrjx
2, 1
sixeight1gcpmqtvcp3five1fzpclbtbpn
6, 1
9twosix6zjnpskrtwofour
9, 4
eightnr9three3sevensix
8, 6
vtwoneone7ninefive
2, 5
sixdcmmtcgkmlbqlbmdcnztpseven7tbsrrbntnkeightfive
6, 5
xcjxjxlshj3four
3, 4
xbccvqgmt8eighteightninemgst
8, 9
fourfive938ninehkgsjxb
4, 9
zdoneightfive8
1, 8
four6five
4, 5
2fivefncninethree3kdc1rg
2, 1
threef2threefivezfnnn
3, 5
cmtsnssneightthree4
8, 4
nine64rfnvff4krtrqskx2
9, 2
414dzfxfkqkf9onefourmdxh
4, 4
ninenbdkxcbjlsix7
9, 7
69hqfour2eightsix
6, 6
vkpcznjlktxthreenine5zgtxknjpcone
3, 1
six4nzvnplntzthbk
6, 4
799
7, 9
poneightnthnsmkrsixgqvmzoneninetwo7
1, 7
9seven3eight
9, 8
seven834eightvqdrgkxnfsdqbnfgxzvg
7, 8
qgxlnprzl4six
4, 6
fourtwozdflbcvkkp3four2qnmxvdqz
4, 2
8ndrb45
8, 5
five2gnrgdxbspqlplxtbcnn
5, 2
drnrzgjsrq1
1, 1
onensdmddvsd2skbrtwosevenfzvkpnh
1, 7
4mrbkjvdz
4, 4
nphlsgmhmmzkmx79
7, 9
hknkxl83twossqxcbpd
8, 2
7nqjkmmninekmhsix1jqq5
7, 5
zvnmvfivesixeighttvpqnjzjsnbqdsj5foureight
5, 8
fivepr6
5, 6
one5mcbonexqbhnqtcrcsix
1, 6
9fourbmbhfkoneone
9, 1
78khztltsevensix
7, 6
1jmnpnjtxhcthreec924
1, 4
xptwo1
2, 1
6twogblptvrxfourxmtffqcbhx27six
6, 6
kbksdcgnseventwofphftkxcjlzdld4seven
7, 7
threeninevmqjrp668bjqsixnine
3, 9
hrllthree2onenmnrbljfxssmthree1
3, 1
3mxm
3, 3
four1fp7d78nine
4, 9
3eight1five59nine7
3, 7
eightmqhp79two7eight
8, 8
dkvjxhxl8twoeightwog
8, 8
sevennzszzpcvqscttx92njhpgmhfctseven
7, 7
six68
6, 8
rqhjlt88sixtqscbgx
8, 6
8fivethree2dxjczsqeightone
8, 1
fsqlrhprtbgsdz3ftrjvtqnjnine
3, 9
64onevbtdmq5cssxhvd434
6, 4
qllvxktqzkmchqthreektnpbtjnd6lfsthvrnq
3, 6
7ctpnhpslzzcdtpnine8one7three
7, 3
2one5581
2, 1
1six2twonecrb
1, 2
245ninefive8
2, 8
9eight335
9, 5
1eightfive
1, 5
dqljgrtgvbsix1gxjbptbhspknrzninesixone
6, 1
seven9dcthree
7, 3
8eight3plkczntneightq95ll
8, 5
fnnvpn9five2onexbvmjcfour18
9, 8
twoseventwosjmnnx5four
2, 4
2dlpfdd
2, 2
lxdxfngzsixseven47qcf
6, 7
3ctpdv8prmhmpjbbmlsjrdcrb4nlfmklpxj9
3, 9
nine4ghsbstrhkp
9, 4
hgmggcrfmqbjrsjvhm142
1, 2
lzkj2mqbfdvcxqbthree
2, 3
1xeightpcht7mn
1, 7
94vgrkqdbcsixninefour95x
9, 5
foursevenvzmfd5bqddnn3twoxrcnhqsm
4, 2
bfcrq4lfsbbjqrmseven
4, 7
hcntfdqcnxqfvjvl7jfppmbltwo
7, 2
four35cmvsixfivenineqgt8
4, 8
ninefive1mpzdcrhmkzhqpdmjcb
9, 1
8qtmxncgvr73
8, 3
bktrlrqvvz68clbz2seven6four
6, 4
nsqhqgxjcsixzldhvcnnfivenqz2
6, 2
8eight5np
8, 5
6grqzz6sevenonep
6, 1
2fivenbcpmrhxfour15
2, 5
2hhfhjjzgxz787
2, 7
xdzf595
5, 5
nine8qslr
9, 8
n241nxdkskzsevenone
2, 1
25ksx49lrcroneightz
2, 1
9fourone41sevenonefive9
9, 9
8fiveninefivenine58
8, 8
nine92pzm
9, 2
cbsdbjxmjkjld62fdqcrthreegdnlhhbfc
6, 3
1mtpthreebshnseven
1, 7
1mbkhbjbsmpc9three5
1, 5
8lqxq27mfkgvkblrlpgvnine
8, 9
lzb21vmchthree7sevenfour
2, 4
5hxseven7jhsqlsftml
5, 7
tsmvj58zone49
5, 9
kkmlxnnn4nlbvxsbnlhkjvv7
4, 7
5lprvntnlonendrjqthree6rrhl
5, 6
htlpb9
9, 9
fxqgpzgktwojmnlsix4rhffkxcrgv5
2, 5
dxdddnprdnvjscqsmqsixsixfive4
6, 4
3threeeightdtwo1967
3, 7
5clzsqqhn6
5, 6
gfkqsfour747
4, 7
dgfdskvk6
6, 6
6four7six5threeqgvjdg6eight
6, 8
8eighteight
8, 8
28456eightwojbg
2, 8
two8l
2, 8
lqzthfhzfour4qsggmhhrcbldhhpq
4, 4
rlvrxninethree4
9, 4
n6sevensixtwo
6, 2
2s5sixxfhhnmpjtseven
2, 7
three9three
3, 3
eight91dgfnqjffkdxcmljvfrmh4
8, 4
twothree5
2, 5
6sevens7
6, 7
8six9mnksevenkm2fdhhqvfhscqs
8, 2
twotwoeightsixone24
2, 4
rhqnssh2nine
2, 9
dhdtxxcndninethree9
9, 9
hvvfzxfivemb3
5, 3
dgbgglhmtnkrpq4four51dlpcfivefour
4, 4
4qcqhrshncqseven9kvq6hmghcbfl
4, 6
x3qvkxmh3m7
3, 7
cqqlrjkjbrggmccctbjzcjqktfngmmkftddponemqj17
1, 7
fivesixfoursksxqmqrmseven5
5, 5
fivethreepxnxtgpgmrtwo1
5, 1
5threenine
5, 9
9five4plblgvnfcfoursixmsgfive
9, 5
cqjsfxvcfdseightfour9g857
8, 7
fourthree7onegpmlrrkmtj881
4, 1
gjdvx1fourseven
1, 7
lcvhmlzplhgvmnhcgthree8xdtvrck9
3, 9
four26
4, 6
qnvrspvpvqsv3xfbzrrjjnsevenvvdzknkqcmbpdlg
3, 7
22611zfive
2, 5
ninegbsscnbtcnzhsevenfmfvmv3lrbthree3
9, 3
two76
2, 6
xhn19qninehqtbvrsdfour
1, 4
fourk4cqtggvjseven
4, 7
threecflx6xllnd
3, 6
dknmdpcqfivelvppbtone3
5, 3
6dnzxninebdldgsphsppzjzpgbklbbf9gcdc
6, 9
587cdbcb2mspbgbl
5, 2
twojkblghsctseven8eight
2, 8
2xmdmtgcjhd8eighttwo
2, 2
nine6qpfzxhsdsfour9
9, 9
9rvqhjvmh7kcvnineccn9rzpzs
9, 9
tbsxkhhv6twozrtczg6seven
6, 7
ccpeightbcvknglvcv81gcjnlnfnine9
8, 9
4twoscpht
4, 2
qdgdrtx9onefourdcvctldjnpcdjbc
9, 4
cjxkxsgmql4xxgjtpdcbmsixeight
4, 8
739
7, 9
56001
